{"timestamp":"2025-11-10T12:47:59.756Z","level":"error","message":"❌ Failed to start server","service":"KPS Pest Control API","version":"1.0.0","error":"Access denied for user 'kpspestcontrol_admin'@'localhost' (using password: YES)"}
{"timestamp":"2025-11-10T12:50:45.399Z","level":"error","message":"❌ Failed to start server","service":"KPS Pest Control API","version":"1.0.0","error":"Access denied for user 'kpspestcontrol_admin'@'localhost' (using password: YES)"}
{"timestamp":"2025-11-10T12:52:08.776Z","level":"error","message":"❌ Failed to start server","service":"KPS Pest Control API","version":"1.0.0","error":"Access denied for user 'kpspestcontrol_admin'@'localhost' (using password: YES)"}
{"timestamp":"2025-11-10T12:54:33.105Z","level":"error","message":"❌ Failed to start server","service":"KPS Pest Control API","version":"1.0.0","error":"Access denied for user 'kpspestcontrol_admin'@'localhost' (using password: YES)"}
{"timestamp":"2025-11-11T08:19:27.536Z","level":"error","message":"❌ Failed to start server","service":"KPS Pest Control API","version":"1.0.0","error":"Access denied for user 'kpspestcontrol_admin'@'localhost' (using password: YES)"}
{"timestamp":"2025-11-11T08:20:46.654Z","level":"error","message":"❌ Failed to start server","service":"KPS Pest Control API","version":"1.0.0","error":"Access denied for user 'kpspestcontrol_admin'@'localhost' (using password: YES)"}
{"timestamp":"2025-11-11T08:21:53.633Z","level":"error","message":"❌ Failed to start server","service":"KPS Pest Control API","version":"1.0.0","error":"Access denied for user 'kpspestcontrol_admin'@'localhost' (using password: YES)"}
{"timestamp":"2025-11-11T14:50:18.653Z","level":"error","message":"❌ Failed to start server","service":"KPS Pest Control API","version":"1.0.0","error":"Access denied for user 'kpspestcontrol_admin'@'localhost' (using password: YES)"}
{"timestamp":"2025-11-11T14:52:41.815Z","level":"error","message":"❌ Failed to start server","service":"KPS Pest Control API","version":"1.0.0","error":"Access denied for user 'kpspestcontrol_admin'@'localhost' (using password: YES)"}
{"timestamp":"2025-11-11T15:03:48.955Z","level":"error","message":"❌ Failed to start server","service":"KPS Pest Control API","version":"1.0.0","error":"Access denied for user 'kpspestcontrol_admin'@'localhost' (using password: YES)"}
{"timestamp":"2025-11-12T06:31:33.452Z","level":"error","message":"❌ Failed to start server","service":"KPS Pest Control API","version":"1.0.0","error":"Access denied for user 'kpspestcontrol_admin'@'localhost' (using password: YES)"}
{"timestamp":"2025-11-12T06:52:11.730Z","level":"error","message":"❌ Failed to start server","service":"KPS Pest Control API","version":"1.0.0","error":"Access denied for user 'kpspestcontrol_admin'@'localhost' (using password: YES)"}
{"timestamp":"2025-11-12T09:08:06.535Z","level":"error","message":"❌ Failed to start server","service":"KPS Pest Control API","version":"1.0.0","error":"Access denied for user 'kpspestcontrol_admin'@'localhost' (using password: YES)"}
{"timestamp":"2025-11-12T09:33:46.302Z","level":"error","message":"❌ Failed to start server","service":"KPS Pest Control API","version":"1.0.0","error":"Access denied for user 'kpspestcontrol_admin'@'localhost' (using password: YES)"}
{"timestamp":"2025-11-12T09:46:03.032Z","level":"error","message":"❌ Failed to start server","service":"KPS Pest Control API","version":"1.0.0","error":"Access denied for user 'kpspestcontrol_admin'@'localhost' (using password: YES)"}
{"timestamp":"2025-11-12T09:54:17.877Z","level":"error","message":"❌ Failed to start server","service":"KPS Pest Control API","version":"1.0.0","error":"Access denied for user 'kpspestcontrol_admin'@'localhost' (using password: YES)"}
{"timestamp":"2025-11-12T09:57:24.330Z","level":"error","message":"❌ Database connection failed:","service":"KPS Pest Control API","version":"1.0.0"}
{"timestamp":"2025-11-12T09:58:44.799Z","level":"error","message":"❌ Database connection failed:","service":"KPS Pest Control API","version":"1.0.0"}
{"timestamp":"2025-11-19T12:16:31.106Z","level":"error","message":"❌ Failed to start server","service":"KPS Pest Control API","version":"1.0.0","error":"Access denied for user 'kpspestcontrol_admin'@'localhost' (using password: YES)"}
{"timestamp":"2025-11-19T12:18:35.932Z","level":"error","message":"❌ Failed to start server","service":"KPS Pest Control API","version":"1.0.0","error":"Access denied for user 'kpspestcontrol_admin'@'localhost' (using password: YES)"}
{"timestamp":"2025-11-19T14:05:54.749Z","level":"error","message":"❌ Failed to start server","service":"KPS Pest Control API","version":"1.0.0","error":"Access denied for user 'kpspestcontrol_admin'@'localhost' (using password: YES)"}
{"timestamp":"2025-11-19T14:07:25.225Z","level":"error","message":"❌ Failed to start server","service":"KPS Pest Control API","version":"1.0.0","error":"Access denied for user 'kpspestcontrol_admin'@'localhost' (using password: YES)"}
{"timestamp":"2025-11-19T14:27:11.057Z","level":"error","message":"❌ Failed to start server","service":"KPS Pest Control API","version":"1.0.0","error":"Access denied for user 'kpspestcontrol_admin'@'localhost' (using password: YES)"}
{"timestamp":"2025-12-11T14:28:47.016Z","level":"error","message":"❌ Failed to start server","service":"KPS Pest Control API","version":"1.0.0","error":"Access denied for user 'kpspestcontrol_admin'@'localhost' (using password: YES)"}
{"timestamp":"2026-01-21T00:01:14.129Z","level":"error","message":"Database connection failed:","service":"KPS Pest Control API","version":"1.0.0"}
{"timestamp":"2026-01-21T00:01:46.643Z","level":"error","message":"Database connection failed:","service":"KPS Pest Control API","version":"1.0.0"}
{"timestamp":"2026-01-21T01:55:53.125Z","level":"error","message":"Database connection failed:","service":"KPS Pest Control API","version":"1.0.0"}
{"timestamp":"2026-01-21T01:56:07.524Z","level":"error","message":"Login error","service":"KPS Pest Control API","version":"1.0.0","error":"Access denied for user 'kpspestcontrol_admin'@'localhost' (using password: YES)"}
{"timestamp":"2026-01-21T01:58:28.217Z","level":"error","message":"Database connection failed:","service":"KPS Pest Control API","version":"1.0.0"}
{"timestamp":"2026-01-21T01:59:26.846Z","level":"error","message":"Database connection failed:","service":"KPS Pest Control API","version":"1.0.0"}
{"timestamp":"2026-01-21T02:00:14.819Z","level":"error","message":"Database connection failed:","service":"KPS Pest Control API","version":"1.0.0"}
{"timestamp":"2026-01-21T02:02:01.137Z","level":"error","message":"Database connection failed:","service":"KPS Pest Control API","version":"1.0.0"}
{"timestamp":"2026-01-21T02:03:15.370Z","level":"error","message":"Database connection failed:","service":"KPS Pest Control API","version":"1.0.0"}
{"timestamp":"2026-02-08T23:34:44.523Z","level":"error","message":"Database connection failed:","service":"KPS Pest Control API","version":"1.0.0"}
{"timestamp":"2026-02-08T23:37:28.453Z","level":"error","message":"Get current version error","service":"KPS Pest Control API","version":"1.0.0","error":"Access denied for user 'kpspestcontrol_admin'@'localhost' (using password: YES)"}
{"timestamp":"2026-02-08T23:37:57.354Z","level":"error","message":"Get current version error","service":"KPS Pest Control API","version":"1.0.0","error":"Access denied for user 'kpspestcontrol_admin'@'localhost' (using password: YES)"}
{"timestamp":"2026-02-08T23:38:02.031Z","level":"error","message":"Get current version error","service":"KPS Pest Control API","version":"1.0.0","error":"Access denied for user 'kpspestcontrol_admin'@'localhost' (using password: YES)"}
{"timestamp":"2026-02-08T23:38:09.960Z","level":"error","message":"Get current version error","service":"KPS Pest Control API","version":"1.0.0","error":"Access denied for user 'kpspestcontrol_admin'@'localhost' (using password: YES)"}
{"timestamp":"2026-02-08T23:38:11.042Z","level":"error","message":"Get current version error","service":"KPS Pest Control API","version":"1.0.0","error":"Access denied for user 'kpspestcontrol_admin'@'localhost' (using password: YES)"}
{"timestamp":"2026-02-08T23:38:41.937Z","level":"error","message":"Login error","service":"KPS Pest Control API","version":"1.0.0","error":"Access denied for user 'kpspestcontrol_admin'@'localhost' (using password: YES)"}
{"timestamp":"2026-02-08T23:52:32.786Z","level":"error","message":"Get current version error","service":"KPS Pest Control API","version":"1.0.0","error":"Access denied for user 'kpspestcontrol_admin'@'localhost' (using password: YES)"}
{"timestamp":"2026-02-09T00:09:36.442Z","level":"error","message":"Database connection failed:","service":"KPS Pest Control API","version":"1.0.0"}
